GameEngine.lib(ThreadLocalImpl.cpp.obj) : warning LNK4099: PDB 'sfml-system-s-d.pdb' was not found with 'GameEngine.lib(ThreadLocalImpl.cpp.obj)' or at 'D:\Code\Games\TopdownShooter\Builds\Debug\sfml-system-s-d.pdb'; linking object as if no debug info
GameEngine.lib(ThreadImpl.cpp.obj) : warning LNK4099: PDB 'sfml-system-s-d.pdb' was not found with 'GameEngine.lib(ThreadImpl.cpp.obj)' or at 'D:\Code\Games\TopdownShooter\Builds\Debug\sfml-system-s-d.pdb'; linking object as if no debug info
GameEngine.lib(SleepImpl.cpp.obj) : warning LNK4099: PDB 'sfml-system-s-d.pdb' was not found with 'GameEngine.lib(SleepImpl.cpp.obj)' or at 'D:\Code\Games\TopdownShooter\Builds\Debug\sfml-system-s-d.pdb'; linking object as if no debug info
GameEngine.lib(MutexImpl.cpp.obj) : warning LNK4099: PDB 'sfml-system-s-d.pdb' was not found with 'GameEngine.lib(MutexImpl.cpp.obj)' or at 'D:\Code\Games\TopdownShooter\Builds\Debug\sfml-system-s-d.pdb'; linking object as if no debug info
GameEngine.lib(ClockImpl.cpp.obj) : warning LNK4099: PDB 'sfml-system-s-d.pdb' was not found with 'GameEngine.lib(ClockImpl.cpp.obj)' or at 'D:\Code\Games\TopdownShooter\Builds\Debug\sfml-system-s-d.pdb'; linking object as if no debug info
GameEngine.lib(MemoryInputStream.cpp.obj) : warning LNK4099: PDB 'sfml-system-s-d.pdb' was not found with 'GameEngine.lib(MemoryInputStream.cpp.obj)' or at 'D:\Code\Games\TopdownShooter\Builds\Debug\sfml-system-s-d.pdb'; linking object as if no debug info
GameEngine.lib(FileInputStream.cpp.obj) : warning LNK4099: PDB 'sfml-system-s-d.pdb' was not found with 'GameEngine.lib(FileInputStream.cpp.obj)' or at 'D:\Code\Games\TopdownShooter\Builds\Debug\sfml-system-s-d.pdb'; linking object as if no debug info
GameEngine.lib(Time.cpp.obj) : warning LNK4099: PDB 'sfml-system-s-d.pdb' was not found with 'GameEngine.lib(Time.cpp.obj)' or at 'D:\Code\Games\TopdownShooter\Builds\Debug\sfml-system-s-d.pdb'; linking object as if no debug info
GameEngine.lib(ThreadLocal.cpp.obj) : warning LNK4099: PDB 'sfml-system-s-d.pdb' was not found with 'GameEngine.lib(ThreadLocal.cpp.obj)' or at 'D:\Code\Games\TopdownShooter\Builds\Debug\sfml-system-s-d.pdb'; linking object as if no debug info
GameEngine.lib(Thread.cpp.obj) : warning LNK4099: PDB 'sfml-system-s-d.pdb' was not found with 'GameEngine.lib(Thread.cpp.obj)' or at 'D:\Code\Games\TopdownShooter\Builds\Debug\sfml-system-s-d.pdb'; linking object as if no debug info
GameEngine.lib(String.cpp.obj) : warning LNK4099: PDB 'sfml-system-s-d.pdb' was not found with 'GameEngine.lib(String.cpp.obj)' or at 'D:\Code\Games\TopdownShooter\Builds\Debug\sfml-system-s-d.pdb'; linking object as if no debug info
GameEngine.lib(Sleep.cpp.obj) : warning LNK4099: PDB 'sfml-system-s-d.pdb' was not found with 'GameEngine.lib(Sleep.cpp.obj)' or at 'D:\Code\Games\TopdownShooter\Builds\Debug\sfml-system-s-d.pdb'; linking object as if no debug info
GameEngine.lib(Mutex.cpp.obj) : warning LNK4099: PDB 'sfml-system-s-d.pdb' was not found with 'GameEngine.lib(Mutex.cpp.obj)' or at 'D:\Code\Games\TopdownShooter\Builds\Debug\sfml-system-s-d.pdb'; linking object as if no debug info
GameEngine.lib(Lock.cpp.obj) : warning LNK4099: PDB 'sfml-system-s-d.pdb' was not found with 'GameEngine.lib(Lock.cpp.obj)' or at 'D:\Code\Games\TopdownShooter\Builds\Debug\sfml-system-s-d.pdb'; linking object as if no debug info
GameEngine.lib(Err.cpp.obj) : warning LNK4099: PDB 'sfml-system-s-d.pdb' was not found with 'GameEngine.lib(Err.cpp.obj)' or at 'D:\Code\Games\TopdownShooter\Builds\Debug\sfml-system-s-d.pdb'; linking object as if no debug info
GameEngine.lib(Clock.cpp.obj) : warning LNK4099: PDB 'sfml-system-s-d.pdb' was not found with 'GameEngine.lib(Clock.cpp.obj)' or at 'D:\Code\Games\TopdownShooter\Builds\Debug\sfml-system-s-d.pdb'; linking object as if no debug info
GameEngine.lib(SoundFileWriterWav.cpp.obj) : warning LNK4099: PDB 'sfml-audio-s-d.pdb' was not found with 'GameEngine.lib(SoundFileWriterWav.cpp.obj)' or at 'D:\Code\Games\TopdownShooter\Builds\Debug\sfml-audio-s-d.pdb'; linking object as if no debug info
GameEngine.lib(SoundFileWriterOgg.cpp.obj) : warning LNK4099: PDB 'sfml-audio-s-d.pdb' was not found with 'GameEngine.lib(SoundFileWriterOgg.cpp.obj)' or at 'D:\Code\Games\TopdownShooter\Builds\Debug\sfml-audio-s-d.pdb'; linking object as if no debug info
GameEngine.lib(SoundFileWriterFlac.cpp.obj) : warning LNK4099: PDB 'sfml-audio-s-d.pdb' was not found with 'GameEngine.lib(SoundFileWriterFlac.cpp.obj)' or at 'D:\Code\Games\TopdownShooter\Builds\Debug\sfml-audio-s-d.pdb'; linking object as if no debug info
GameEngine.lib(SoundFileReaderWav.cpp.obj) : warning LNK4099: PDB 'sfml-audio-s-d.pdb' was not found with 'GameEngine.lib(SoundFileReaderWav.cpp.obj)' or at 'D:\Code\Games\TopdownShooter\Builds\Debug\sfml-audio-s-d.pdb'; linking object as if no debug info
GameEngine.lib(SoundFileReaderOgg.cpp.obj) : warning LNK4099: PDB 'sfml-audio-s-d.pdb' was not found with 'GameEngine.lib(SoundFileReaderOgg.cpp.obj)' or at 'D:\Code\Games\TopdownShooter\Builds\Debug\sfml-audio-s-d.pdb'; linking object as if no debug info
GameEngine.lib(SoundFileReaderFlac.cpp.obj) : warning LNK4099: PDB 'sfml-audio-s-d.pdb' was not found with 'GameEngine.lib(SoundFileReaderFlac.cpp.obj)' or at 'D:\Code\Games\TopdownShooter\Builds\Debug\sfml-audio-s-d.pdb'; linking object as if no debug info
GameEngine.lib(SoundFileFactory.cpp.obj) : warning LNK4099: PDB 'sfml-audio-s-d.pdb' was not found with 'GameEngine.lib(SoundFileFactory.cpp.obj)' or at 'D:\Code\Games\TopdownShooter\Builds\Debug\sfml-audio-s-d.pdb'; linking object as if no debug info
GameEngine.lib(SoundStream.cpp.obj) : warning LNK4099: PDB 'sfml-audio-s-d.pdb' was not found with 'GameEngine.lib(SoundStream.cpp.obj)' or at 'D:\Code\Games\TopdownShooter\Builds\Debug\sfml-audio-s-d.pdb'; linking object as if no debug info
GameEngine.lib(SoundSource.cpp.obj) : warning LNK4099: PDB 'sfml-audio-s-d.pdb' was not found with 'GameEngine.lib(SoundSource.cpp.obj)' or at 'D:\Code\Games\TopdownShooter\Builds\Debug\sfml-audio-s-d.pdb'; linking object as if no debug info
GameEngine.lib(OutputSoundFile.cpp.obj) : warning LNK4099: PDB 'sfml-audio-s-d.pdb' was not found with 'GameEngine.lib(OutputSoundFile.cpp.obj)' or at 'D:\Code\Games\TopdownShooter\Builds\Debug\sfml-audio-s-d.pdb'; linking object as if no debug info
GameEngine.lib(InputSoundFile.cpp.obj) : warning LNK4099: PDB 'sfml-audio-s-d.pdb' was not found with 'GameEngine.lib(InputSoundFile.cpp.obj)' or at 'D:\Code\Games\TopdownShooter\Builds\Debug\sfml-audio-s-d.pdb'; linking object as if no debug info
GameEngine.lib(SoundBuffer.cpp.obj) : warning LNK4099: PDB 'sfml-audio-s-d.pdb' was not found with 'GameEngine.lib(SoundBuffer.cpp.obj)' or at 'D:\Code\Games\TopdownShooter\Builds\Debug\sfml-audio-s-d.pdb'; linking object as if no debug info
GameEngine.lib(Sound.cpp.obj) : warning LNK4099: PDB 'sfml-audio-s-d.pdb' was not found with 'GameEngine.lib(Sound.cpp.obj)' or at 'D:\Code\Games\TopdownShooter\Builds\Debug\sfml-audio-s-d.pdb'; linking object as if no debug info
GameEngine.lib(Music.cpp.obj) : warning LNK4099: PDB 'sfml-audio-s-d.pdb' was not found with 'GameEngine.lib(Music.cpp.obj)' or at 'D:\Code\Games\TopdownShooter\Builds\Debug\sfml-audio-s-d.pdb'; linking object as if no debug info
GameEngine.lib(AudioDevice.cpp.obj) : warning LNK4099: PDB 'sfml-audio-s-d.pdb' was not found with 'GameEngine.lib(AudioDevice.cpp.obj)' or at 'D:\Code\Games\TopdownShooter\Builds\Debug\sfml-audio-s-d.pdb'; linking object as if no debug info
GameEngine.lib(AlResource.cpp.obj) : warning LNK4099: PDB 'sfml-audio-s-d.pdb' was not found with 'GameEngine.lib(AlResource.cpp.obj)' or at 'D:\Code\Games\TopdownShooter\Builds\Debug\sfml-audio-s-d.pdb'; linking object as if no debug info
GameEngine.lib(ALCheck.cpp.obj) : warning LNK4099: PDB 'sfml-audio-s-d.pdb' was not found with 'GameEngine.lib(ALCheck.cpp.obj)' or at 'D:\Code\Games\TopdownShooter\Builds\Debug\sfml-audio-s-d.pdb'; linking object as if no debug info
GameEngine.lib(WindowImplWin32.cpp.obj) : warning LNK4099: PDB 'sfml-window-s-d.pdb' was not found with 'GameEngine.lib(WindowImplWin32.cpp.obj)' or at 'D:\Code\Games\TopdownShooter\Builds\Debug\sfml-window-s-d.pdb'; linking object as if no debug info
GameEngine.lib(VideoModeImpl.cpp.obj) : warning LNK4099: PDB 'sfml-window-s-d.pdb' was not found with 'GameEngine.lib(VideoModeImpl.cpp.obj)' or at 'D:\Code\Games\TopdownShooter\Builds\Debug\sfml-window-s-d.pdb'; linking object as if no debug info
GameEngine.lib(SensorImpl.cpp.obj) : warning LNK4099: PDB 'sfml-window-s-d.pdb' was not found with 'GameEngine.lib(SensorImpl.cpp.obj)' or at 'D:\Code\Games\TopdownShooter\Builds\Debug\sfml-window-s-d.pdb'; linking object as if no debug info
GameEngine.lib(JoystickImpl.cpp.obj) : warning LNK4099: PDB 'sfml-window-s-d.pdb' was not found with 'GameEngine.lib(JoystickImpl.cpp.obj)' or at 'D:\Code\Games\TopdownShooter\Builds\Debug\sfml-window-s-d.pdb'; linking object as if no debug info
GameEngine.lib(InputImpl.cpp.obj) : warning LNK4099: PDB 'sfml-window-s-d.pdb' was not found with 'GameEngine.lib(InputImpl.cpp.obj)' or at 'D:\Code\Games\TopdownShooter\Builds\Debug\sfml-window-s-d.pdb'; linking object as if no debug info
GameEngine.lib(WglExtensions.cpp.obj) : warning LNK4099: PDB 'sfml-window-s-d.pdb' was not found with 'GameEngine.lib(WglExtensions.cpp.obj)' or at 'D:\Code\Games\TopdownShooter\Builds\Debug\sfml-window-s-d.pdb'; linking object as if no debug info
GameEngine.lib(WglContext.cpp.obj) : warning LNK4099: PDB 'sfml-window-s-d.pdb' was not found with 'GameEngine.lib(WglContext.cpp.obj)' or at 'D:\Code\Games\TopdownShooter\Builds\Debug\sfml-window-s-d.pdb'; linking object as if no debug info
GameEngine.lib(WindowImpl.cpp.obj) : warning LNK4099: PDB 'sfml-window-s-d.pdb' was not found with 'GameEngine.lib(WindowImpl.cpp.obj)' or at 'D:\Code\Games\TopdownShooter\Builds\Debug\sfml-window-s-d.pdb'; linking object as if no debug info
GameEngine.lib(Window.cpp.obj) : warning LNK4099: PDB 'sfml-window-s-d.pdb' was not found with 'GameEngine.lib(Window.cpp.obj)' or at 'D:\Code\Games\TopdownShooter\Builds\Debug\sfml-window-s-d.pdb'; linking object as if no debug info
GameEngine.lib(VideoMode.cpp.obj) : warning LNK4099: PDB 'sfml-window-s-d.pdb' was not found with 'GameEngine.lib(VideoMode.cpp.obj)' or at 'D:\Code\Games\TopdownShooter\Builds\Debug\sfml-window-s-d.pdb'; linking object as if no debug info
GameEngine.lib(SensorManager.cpp.obj) : warning LNK4099: PDB 'sfml-window-s-d.pdb' was not found with 'GameEngine.lib(SensorManager.cpp.obj)' or at 'D:\Code\Games\TopdownShooter\Builds\Debug\sfml-window-s-d.pdb'; linking object as if no debug info
GameEngine.lib(Keyboard.cpp.obj) : warning LNK4099: PDB 'sfml-window-s-d.pdb' was not found with 'GameEngine.lib(Keyboard.cpp.obj)' or at 'D:\Code\Games\TopdownShooter\Builds\Debug\sfml-window-s-d.pdb'; linking object as if no debug info
GameEngine.lib(JoystickManager.cpp.obj) : warning LNK4099: PDB 'sfml-window-s-d.pdb' was not found with 'GameEngine.lib(JoystickManager.cpp.obj)' or at 'D:\Code\Games\TopdownShooter\Builds\Debug\sfml-window-s-d.pdb'; linking object as if no debug info
GameEngine.lib(Joystick.cpp.obj) : warning LNK4099: PDB 'sfml-window-s-d.pdb' was not found with 'GameEngine.lib(Joystick.cpp.obj)' or at 'D:\Code\Games\TopdownShooter\Builds\Debug\sfml-window-s-d.pdb'; linking object as if no debug info
GameEngine.lib(GlResource.cpp.obj) : warning LNK4099: PDB 'sfml-window-s-d.pdb' was not found with 'GameEngine.lib(GlResource.cpp.obj)' or at 'D:\Code\Games\TopdownShooter\Builds\Debug\sfml-window-s-d.pdb'; linking object as if no debug info
GameEngine.lib(GlContext.cpp.obj) : warning LNK4099: PDB 'sfml-window-s-d.pdb' was not found with 'GameEngine.lib(GlContext.cpp.obj)' or at 'D:\Code\Games\TopdownShooter\Builds\Debug\sfml-window-s-d.pdb'; linking object as if no debug info
GameEngine.lib(Context.cpp.obj) : warning LNK4099: PDB 'sfml-window-s-d.pdb' was not found with 'GameEngine.lib(Context.cpp.obj)' or at 'D:\Code\Games\TopdownShooter\Builds\Debug\sfml-window-s-d.pdb'; linking object as if no debug info
GameEngine.lib(VertexArray.cpp.obj) : warning LNK4099: PDB 'sfml-graphics-s-d.pdb' was not found with 'GameEngine.lib(VertexArray.cpp.obj)' or at 'D:\Code\Games\TopdownShooter\Builds\Debug\sfml-graphics-s-d.pdb'; linking object as if no debug info
GameEngine.lib(Text.cpp.obj) : warning LNK4099: PDB 'sfml-graphics-s-d.pdb' was not found with 'GameEngine.lib(Text.cpp.obj)' or at 'D:\Code\Games\TopdownShooter\Builds\Debug\sfml-graphics-s-d.pdb'; linking object as if no debug info
GameEngine.lib(RectangleShape.cpp.obj) : warning LNK4099: PDB 'sfml-graphics-s-d.pdb' was not found with 'GameEngine.lib(RectangleShape.cpp.obj)' or at 'D:\Code\Games\TopdownShooter\Builds\Debug\sfml-graphics-s-d.pdb'; linking object as if no debug info
GameEngine.lib(Shape.cpp.obj) : warning LNK4099: PDB 'sfml-graphics-s-d.pdb' was not found with 'GameEngine.lib(Shape.cpp.obj)' or at 'D:\Code\Games\TopdownShooter\Builds\Debug\sfml-graphics-s-d.pdb'; linking object as if no debug info
GameEngine.lib(GLLoader.cpp.obj) : warning LNK4099: PDB 'sfml-graphics-s-d.pdb' was not found with 'GameEngine.lib(GLLoader.cpp.obj)' or at 'D:\Code\Games\TopdownShooter\Builds\Debug\sfml-graphics-s-d.pdb'; linking object as if no debug info
GameEngine.lib(Vertex.cpp.obj) : warning LNK4099: PDB 'sfml-graphics-s-d.pdb' was not found with 'GameEngine.lib(Vertex.cpp.obj)' or at 'D:\Code\Games\TopdownShooter\Builds\Debug\sfml-graphics-s-d.pdb'; linking object as if no debug info
GameEngine.lib(View.cpp.obj) : warning LNK4099: PDB 'sfml-graphics-s-d.pdb' was not found with 'GameEngine.lib(View.cpp.obj)' or at 'D:\Code\Games\TopdownShooter\Builds\Debug\sfml-graphics-s-d.pdb'; linking object as if no debug info
GameEngine.lib(Transformable.cpp.obj) : warning LNK4099: PDB 'sfml-graphics-s-d.pdb' was not found with 'GameEngine.lib(Transformable.cpp.obj)' or at 'D:\Code\Games\TopdownShooter\Builds\Debug\sfml-graphics-s-d.pdb'; linking object as if no debug info
GameEngine.lib(Transform.cpp.obj) : warning LNK4099: PDB 'sfml-graphics-s-d.pdb' was not found with 'GameEngine.lib(Transform.cpp.obj)' or at 'D:\Code\Games\TopdownShooter\Builds\Debug\sfml-graphics-s-d.pdb'; linking object as if no debug info
GameEngine.lib(TextureSaver.cpp.obj) : warning LNK4099: PDB 'sfml-graphics-s-d.pdb' was not found with 'GameEngine.lib(TextureSaver.cpp.obj)' or at 'D:\Code\Games\TopdownShooter\Builds\Debug\sfml-graphics-s-d.pdb'; linking object as if no debug info
GameEngine.lib(Texture.cpp.obj) : warning LNK4099: PDB 'sfml-graphics-s-d.pdb' was not found with 'GameEngine.lib(Texture.cpp.obj)' or at 'D:\Code\Games\TopdownShooter\Builds\Debug\sfml-graphics-s-d.pdb'; linking object as if no debug info
GameEngine.lib(Shader.cpp.obj) : warning LNK4099: PDB 'sfml-graphics-s-d.pdb' was not found with 'GameEngine.lib(Shader.cpp.obj)' or at 'D:\Code\Games\TopdownShooter\Builds\Debug\sfml-graphics-s-d.pdb'; linking object as if no debug info
GameEngine.lib(RenderWindow.cpp.obj) : warning LNK4099: PDB 'sfml-graphics-s-d.pdb' was not found with 'GameEngine.lib(RenderWindow.cpp.obj)' or at 'D:\Code\Games\TopdownShooter\Builds\Debug\sfml-graphics-s-d.pdb'; linking object as if no debug info
GameEngine.lib(RenderTarget.cpp.obj) : warning LNK4099: PDB 'sfml-graphics-s-d.pdb' was not found with 'GameEngine.lib(RenderTarget.cpp.obj)' or at 'D:\Code\Games\TopdownShooter\Builds\Debug\sfml-graphics-s-d.pdb'; linking object as if no debug info
GameEngine.lib(RenderStates.cpp.obj) : warning LNK4099: PDB 'sfml-graphics-s-d.pdb' was not found with 'GameEngine.lib(RenderStates.cpp.obj)' or at 'D:\Code\Games\TopdownShooter\Builds\Debug\sfml-graphics-s-d.pdb'; linking object as if no debug info
GameEngine.lib(ImageLoader.cpp.obj) : warning LNK4099: PDB 'sfml-graphics-s-d.pdb' was not found with 'GameEngine.lib(ImageLoader.cpp.obj)' or at 'D:\Code\Games\TopdownShooter\Builds\Debug\sfml-graphics-s-d.pdb'; linking object as if no debug info
GameEngine.lib(Image.cpp.obj) : warning LNK4099: PDB 'sfml-graphics-s-d.pdb' was not found with 'GameEngine.lib(Image.cpp.obj)' or at 'D:\Code\Games\TopdownShooter\Builds\Debug\sfml-graphics-s-d.pdb'; linking object as if no debug info
GameEngine.lib(GLExtensions.cpp.obj) : warning LNK4099: PDB 'sfml-graphics-s-d.pdb' was not found with 'GameEngine.lib(GLExtensions.cpp.obj)' or at 'D:\Code\Games\TopdownShooter\Builds\Debug\sfml-graphics-s-d.pdb'; linking object as if no debug info
GameEngine.lib(GLCheck.cpp.obj) : warning LNK4099: PDB 'sfml-graphics-s-d.pdb' was not found with 'GameEngine.lib(GLCheck.cpp.obj)' or at 'D:\Code\Games\TopdownShooter\Builds\Debug\sfml-graphics-s-d.pdb'; linking object as if no debug info
GameEngine.lib(Glsl.cpp.obj) : warning LNK4099: PDB 'sfml-graphics-s-d.pdb' was not found with 'GameEngine.lib(Glsl.cpp.obj)' or at 'D:\Code\Games\TopdownShooter\Builds\Debug\sfml-graphics-s-d.pdb'; linking object as if no debug info
GameEngine.lib(Font.cpp.obj) : warning LNK4099: PDB 'sfml-graphics-s-d.pdb' was not found with 'GameEngine.lib(Font.cpp.obj)' or at 'D:\Code\Games\TopdownShooter\Builds\Debug\sfml-graphics-s-d.pdb'; linking object as if no debug info
GameEngine.lib(Color.cpp.obj) : warning LNK4099: PDB 'sfml-graphics-s-d.pdb' was not found with 'GameEngine.lib(Color.cpp.obj)' or at 'D:\Code\Games\TopdownShooter\Builds\Debug\sfml-graphics-s-d.pdb'; linking object as if no debug info
GameEngine.lib(BlendMode.cpp.obj) : warning LNK4099: PDB 'sfml-graphics-s-d.pdb' was not found with 'GameEngine.lib(BlendMode.cpp.obj)' or at 'D:\Code\Games\TopdownShooter\Builds\Debug\sfml-graphics-s-d.pdb'; linking object as if no debug info
  Game.vcxproj -> D:\Code\Games\TopdownShooter\Builds\Debug\Game.exe
